<?xml version="1.0" encoding="UTF-8"?>
<robot generator="Robot 7.0 (Python 3.11.8 on win32)" generated="2024-04-02T22:50:48.144988" rpa="false" schemaversion="5">
<suite id="s1" name="HRSLandingPageTest" source="D:\HRS\TestPage\HRSLandingPageTest.robot">
<test id="s1-t1" name="Validate Succesful Login" line="25">
<kw name="open the browser with the url" owner="HRSGeneric" type="SETUP">
<kw name="Open Browser" owner="SeleniumLibrary">
<msg time="2024-04-02T22:50:48.953276" level="INFO">Opening browser 'firefox' to base url 'https://www.hrs.de/'.</msg>
<arg>${url}</arg>
<arg>${browser_name}</arg>
<doc>Opens a new browser instance to the optional ``url``.</doc>
<status status="PASS" start="2024-04-02T22:50:48.952159" elapsed="8.525114"/>
</kw>
<kw name="Wait Until Element Is Visible" owner="SeleniumLibrary">
<arg>css:#SearchHotelsButton</arg>
<arg>60</arg>
<doc>Waits until the element ``locator`` is visible.</doc>
<status status="PASS" start="2024-04-02T22:50:57.477273" elapsed="0.099016"/>
</kw>
<kw name="Wait Until Element Is Enabled" owner="SeleniumLibrary">
<arg>css:#SearchHotelsButton</arg>
<arg>60</arg>
<doc>Waits until the element ``locator`` is enabled.</doc>
<status status="PASS" start="2024-04-02T22:50:57.577292" elapsed="0.048832"/>
</kw>
<kw name="Maximize Browser Window" owner="SeleniumLibrary">
<doc>Maximizes current browser window.</doc>
<status status="PASS" start="2024-04-02T22:50:57.627275" elapsed="0.276545"/>
</kw>
<status status="PASS" start="2024-04-02T22:50:48.950099" elapsed="8.953721"/>
</kw>
<kw name="Change Language" owner="HRSLandingPage">
<kw name="Wait Until Element Is Visible" owner="SeleniumLibrary">
<arg>${Accept_all_cookies}</arg>
<arg>60</arg>
<doc>Waits until the element ``locator`` is visible.</doc>
<status status="PASS" start="2024-04-02T22:50:57.905820" elapsed="0.235799"/>
</kw>
<kw name="Wait Until Element Is Enabled" owner="SeleniumLibrary">
<arg>${Accept_all_cookies}</arg>
<arg>60</arg>
<doc>Waits until the element ``locator`` is enabled.</doc>
<status status="PASS" start="2024-04-02T22:50:58.141619" elapsed="0.033975"/>
</kw>
<kw name="Click Element" owner="SeleniumLibrary">
<msg time="2024-04-02T22:50:58.176596" level="INFO">Clicking element 'css:#onetrust-accept-btn-handler'.</msg>
<arg>${Accept_all_cookies}</arg>
<doc>Click the element identified by ``locator``.</doc>
<status status="PASS" start="2024-04-02T22:50:58.175594" elapsed="0.357219"/>
</kw>
<kw name="Wait Until Element Is Visible" owner="SeleniumLibrary">
<arg>${hamBurger}</arg>
<arg>60</arg>
<doc>Waits until the element ``locator`` is visible.</doc>
<status status="PASS" start="2024-04-02T22:50:58.533975" elapsed="0.053643"/>
</kw>
<kw name="Wait Until Element Is Enabled" owner="SeleniumLibrary">
<arg>${hamBurger}</arg>
<arg>60</arg>
<doc>Waits until the element ``locator`` is enabled.</doc>
<status status="PASS" start="2024-04-02T22:50:58.587618" elapsed="0.126161"/>
</kw>
<kw name="Click Element" owner="SeleniumLibrary">
<msg time="2024-04-02T22:50:58.714916" level="INFO">Clicking element '//img[@alt='menu']'.</msg>
<arg>${hamBurger}</arg>
<doc>Click the element identified by ``locator``.</doc>
<status status="PASS" start="2024-04-02T22:50:58.714916" elapsed="0.084259"/>
</kw>
<kw name="Wait Until Element Is Visible" owner="SeleniumLibrary">
<arg>${click_changeLanguage}</arg>
<arg>60</arg>
<doc>Waits until the element ``locator`` is visible.</doc>
<status status="PASS" start="2024-04-02T22:50:58.800164" elapsed="0.366832"/>
</kw>
<kw name="Wait Until Element Is Enabled" owner="SeleniumLibrary">
<arg>${click_changeLanguage}</arg>
<arg>60</arg>
<doc>Waits until the element ``locator`` is enabled.</doc>
<status status="PASS" start="2024-04-02T22:50:59.166996" elapsed="0.042977"/>
</kw>
<kw name="Click Element" owner="SeleniumLibrary">
<msg time="2024-04-02T22:50:59.211114" level="INFO">Clicking element '//span[normalize-space()='Sprache']'.</msg>
<arg>${click_changeLanguage}</arg>
<doc>Click the element identified by ``locator``.</doc>
<status status="PASS" start="2024-04-02T22:50:59.211114" elapsed="0.296769"/>
</kw>
<kw name="Wait Until Element Is Visible" owner="SeleniumLibrary">
<arg>${set_English_language}</arg>
<arg>60</arg>
<doc>Waits until the element ``locator`` is visible.</doc>
<status status="PASS" start="2024-04-02T22:50:59.508880" elapsed="0.038637"/>
</kw>
<kw name="Wait Until Element Is Enabled" owner="SeleniumLibrary">
<arg>${set_English_language}</arg>
<arg>60</arg>
<doc>Waits until the element ``locator`` is enabled.</doc>
<status status="PASS" start="2024-04-02T22:50:59.548781" elapsed="0.083529"/>
</kw>
<kw name="Click Element" owner="SeleniumLibrary">
<msg time="2024-04-02T22:50:59.633783" level="INFO">Clicking element '//div[normalize-space()='English']'.</msg>
<arg>${set_English_language}</arg>
<doc>Click the element identified by ``locator``.</doc>
<status status="PASS" start="2024-04-02T22:50:59.632310" elapsed="0.852970"/>
</kw>
<status status="PASS" start="2024-04-02T22:50:57.904823" elapsed="2.580457"/>
</kw>
<kw name="Close Browser session" owner="HRSGeneric" type="TEARDOWN">
<kw name="Close Browser" owner="SeleniumLibrary">
<doc>Closes the current browser.</doc>
<status status="PASS" start="2024-04-02T22:51:00.487403" elapsed="3.636997"/>
</kw>
<status status="PASS" start="2024-04-02T22:51:00.486287" elapsed="3.638113"/>
</kw>
<status status="PASS" start="2024-04-02T22:50:48.949038" elapsed="15.175362"/>
</test>
<doc>Contains all test cases of Landing page</doc>
<status status="PASS" start="2024-04-02T22:50:48.148297" elapsed="15.976103"/>
</suite>
<statistics>
<total>
<stat pass="1" fail="0" skip="0">All Tests</stat>
</total>
<tag>
</tag>
<suite>
<stat pass="1" fail="0" skip="0" id="s1" name="HRSLandingPageTest">HRSLandingPageTest</stat>
</suite>
</statistics>
<errors>
</errors>
</robot>
